<?xml version="1.0" encoding="UTF-8"?>
<!-- Generated by org.testng.reporters.JUnitReportReporter -->
<testsuite hostname="DESKTOP-HEBGBDI" failures="0" tests="1" name="com.walmart.testcases.MyRecommendationTest" time="8.839" errors="0" timestamp="12 Sep 2020 15:41:38 GMT" skipped="0">
  <testcase classname="com.walmart.testcases.MyRecommendationTest" name="clickOnRecommendationLink" time="8.839"/>
</testsuite> <!-- com.walmart.testcases.MyRecommendationTest -->
