<?xml version="1.0" encoding="UTF-8"?>
<!-- Generated by org.testng.reporters.JUnitReportReporter -->
<testsuite hostname="DESKTOP-HEBGBDI" failures="0" tests="3" name="com.walmart.testcases.MyRegisteriesLinkTest" time="54.642" errors="0" timestamp="15 Sep 2020 16:21:19 GMT" skipped="2">
  <testcase classname="com.walmart.testcases.MyRegisteriesLinkTest" name="findRegistry" time="54.642"/>
  <testcase classname="com.walmart.testcases.MyRegisteriesLinkTest" name="createBabyRegisteryTest">
    <skipped/>
  </testcase> <!-- createBabyRegisteryTest -->
  <testcase classname="com.walmart.testcases.MyRegisteriesLinkTest" name="findRegistryWithExactMatch">
    <skipped/>
  </testcase> <!-- findRegistryWithExactMatch -->
</testsuite> <!-- com.walmart.testcases.MyRegisteriesLinkTest -->
