<?xml version="1.0" encoding="UTF-8"?>
<!-- Generated by org.testng.reporters.JUnitReportReporter -->
<testsuite hostname="DESKTOP-HEBGBDI" failures="0" tests="1" name="com.walmart.testcases.SignOutTest" time="7.062" errors="0" timestamp="24 Sep 2020 19:52:28 GMT" skipped="0">
  <testcase classname="com.walmart.testcases.SignOutTest" name="signOutTest" time="7.062"/>
</testsuite> <!-- com.walmart.testcases.SignOutTest -->
