<?xml version="1.0" encoding="UTF-8"?>
<!-- Generated by org.testng.reporters.JUnitReportReporter -->
<testsuite hostname="DESKTOP-HEBGBDI" failures="0" tests="6" name="com.walmart.testcases.CartTest" time="47.891" errors="0" timestamp="03 Oct 2020 03:05:01 GMT" skipped="5">
  <testcase classname="com.walmart.testcases.CartTest" name="reopenAfterClosingTest" time="47.891"/>
  <testcase classname="com.walmart.testcases.CartTest" name="clickOnItemInCartTest">
    <skipped/>
  </testcase> <!-- clickOnItemInCartTest -->
  <testcase classname="com.walmart.testcases.CartTest" name="increaseTheQuantityTest">
    <skipped/>
  </testcase> <!-- increaseTheQuantityTest -->
  <testcase classname="com.walmart.testcases.CartTest" name="addMultipleItemsDifferentTypeTest">
    <skipped/>
  </testcase> <!-- addMultipleItemsDifferentTypeTest -->
  <testcase classname="com.walmart.testcases.CartTest" name="addOneItemToCartTest">
    <skipped/>
  </testcase> <!-- addOneItemToCartTest -->
  <testcase classname="com.walmart.testcases.CartTest" name="addSameItemMultipleTimes">
    <skipped/>
  </testcase> <!-- addSameItemMultipleTimes -->
</testsuite> <!-- com.walmart.testcases.CartTest -->
