<?xml version="1.0" encoding="UTF-8"?>
<!-- Generated by org.testng.reporters.JUnitReportReporter -->
<testsuite hostname="DESKTOP-HEBGBDI" failures="0" tests="14" name="com.walmart.testcases.GuestAccountTest" time="304.947" errors="0" timestamp="03 Oct 2020 04:24:56 GMT" skipped="0">
  <testcase classname="com.walmart.testcases.GuestAccountTest" name="sortingTest" time="21.920"/>
  <testcase classname="com.walmart.testcases.GuestAccountTest" name="verifyRelvalantProductNameTest" time="20.671"/>
  <testcase classname="com.walmart.testcases.GuestAccountTest" name="filterByAvailabiltyTest" time="21.661"/>
  <testcase classname="com.walmart.testcases.GuestAccountTest" name="filterbyCustomerRatingTest" time="20.498"/>
  <testcase classname="com.walmart.testcases.GuestAccountTest" name="filternyNewArrivalsTest" time="20.939"/>
  <testcase classname="com.walmart.testcases.GuestAccountTest" name="verifyProductInformationTest" time="20.727"/>
  <testcase classname="com.walmart.testcases.GuestAccountTest" name="searchProductWithdescritionTextTest" time="17.364"/>
  <testcase classname="com.walmart.testcases.GuestAccountTest" name="navigateToBabyProductsTest" time="16.626"/>
  <testcase classname="com.walmart.testcases.GuestAccountTest" name="searchProductInDepartmentTest" time="22.782"/>
  <testcase classname="com.walmart.testcases.GuestAccountTest" name="searchProductWithItemNumberTest" time="19.211"/>
  <testcase classname="com.walmart.testcases.GuestAccountTest" name="filterByPriceTest" time="23.893"/>
  <testcase classname="com.walmart.testcases.GuestAccountTest" name="sortingAndFilteringTest" time="23.490"/>
  <testcase classname="com.walmart.testcases.GuestAccountTest" name="noDuplicationOnPaginationTest" time="25.767"/>
  <testcase classname="com.walmart.testcases.GuestAccountTest" name="getTotalNumberOfProductsPerPageTest" time="29.398"/>
</testsuite> <!-- com.walmart.testcases.GuestAccountTest -->
