<?xml version="1.0" encoding="UTF-8"?>
<!-- Generated by org.testng.reporters.JUnitReportReporter -->
<testsuite hostname="DESKTOP-HEBGBDI" failures="0" tests="1" name="com.walmart.testcases.GuestSearchTest" time="14.466" errors="0" timestamp="10 Sep 2020 15:44:24 GMT" skipped="0">
  <testcase classname="com.walmart.testcases.GuestSearchTest" name="searchGuestProduct" time="14.466"/>
</testsuite> <!-- com.walmart.testcases.GuestSearchTest -->
