<?xml version="1.0" encoding="UTF-8"?>
<!-- Generated by org.testng.reporters.JUnitReportReporter -->
<testsuite hostname="DESKTOP-HEBGBDI" failures="0" tests="9" name="com.walmart.testcases.CartTest" time="39.364" errors="0" timestamp="24 Sep 2020 19:58:34 GMT" skipped="8">
  <testcase classname="com.walmart.testcases.CartTest" name="reopenAfterClosingTest" time="39.364"/>
  <testcase classname="com.walmart.testcases.CartTest" name="tearDown">
    <skipped/>
  </testcase> <!-- tearDown -->
  <testcase classname="com.walmart.testcases.CartTest" name="openAgain">
    <skipped/>
  </testcase> <!-- openAgain -->
  <testcase classname="com.walmart.testcases.CartTest" name="clickOnItemInCartTest">
    <skipped/>
  </testcase> <!-- clickOnItemInCartTest -->
  <testcase classname="com.walmart.testcases.CartTest" name="increaseTheQuantityTest">
    <skipped/>
  </testcase> <!-- increaseTheQuantityTest -->
  <testcase classname="com.walmart.testcases.CartTest" name="addMultipleItemsDifferentTypeTest">
    <skipped/>
  </testcase> <!-- addMultipleItemsDifferentTypeTest -->
  <testcase classname="com.walmart.testcases.CartTest" name="addOneItemToCartTest">
    <skipped/>
  </testcase> <!-- addOneItemToCartTest -->
  <testcase classname="com.walmart.testcases.CartTest" name="addOneGroceryItem">
    <skipped/>
  </testcase> <!-- addOneGroceryItem -->
  <testcase classname="com.walmart.testcases.CartTest" name="addSameItemMultipleTimes">
    <skipped/>
  </testcase> <!-- addSameItemMultipleTimes -->
</testsuite> <!-- com.walmart.testcases.CartTest -->
