<?xml version="1.0" encoding="UTF-8"?>
<!-- Generated by org.testng.reporters.JUnitReportReporter -->
<testsuite hostname="DESKTOP-HEBGBDI" failures="0" tests="14" name="com.walmart.testcases.GuestAccountTest" time="23.633" errors="0" timestamp="26 Sep 2020 03:14:40 GMT" skipped="13">
  <testcase classname="com.walmart.testcases.GuestAccountTest" name="sortingAndFilteringTest" time="23.633"/>
  <testcase classname="com.walmart.testcases.GuestAccountTest" name="searchProductWithItemNumberTest">
    <skipped/>
  </testcase> <!-- searchProductWithItemNumberTest -->
  <testcase classname="com.walmart.testcases.GuestAccountTest" name="searchProductInDepartmentTest">
    <skipped/>
  </testcase> <!-- searchProductInDepartmentTest -->
  <testcase classname="com.walmart.testcases.GuestAccountTest" name="verifyRelvalantProductNameTest">
    <skipped/>
  </testcase> <!-- verifyRelvalantProductNameTest -->
  <testcase classname="com.walmart.testcases.GuestAccountTest" name="verifyProductInformationTest">
    <skipped/>
  </testcase> <!-- verifyProductInformationTest -->
  <testcase classname="com.walmart.testcases.GuestAccountTest" name="sortingTest">
    <skipped/>
  </testcase> <!-- sortingTest -->
  <testcase classname="com.walmart.testcases.GuestAccountTest" name="navigateToBabyProductsTest">
    <skipped/>
  </testcase> <!-- navigateToBabyProductsTest -->
  <testcase classname="com.walmart.testcases.GuestAccountTest" name="filterByAvailabiltyTest">
    <skipped/>
  </testcase> <!-- filterByAvailabiltyTest -->
  <testcase classname="com.walmart.testcases.GuestAccountTest" name="filterByPriceTest">
    <skipped/>
  </testcase> <!-- filterByPriceTest -->
  <testcase classname="com.walmart.testcases.GuestAccountTest" name="filterbyCustomerRatingTest">
    <skipped/>
  </testcase> <!-- filterbyCustomerRatingTest -->
  <testcase classname="com.walmart.testcases.GuestAccountTest" name="filternyNewArrivalsTest">
    <skipped/>
  </testcase> <!-- filternyNewArrivalsTest -->
  <testcase classname="com.walmart.testcases.GuestAccountTest" name="getTotalNumberOfProductsPerPageTest">
    <skipped/>
  </testcase> <!-- getTotalNumberOfProductsPerPageTest -->
  <testcase classname="com.walmart.testcases.GuestAccountTest" name="searchProductWithdescritionTextTest">
    <skipped/>
  </testcase> <!-- searchProductWithdescritionTextTest -->
  <testcase classname="com.walmart.testcases.GuestAccountTest" name="noDuplicationOnPaginationTest">
    <skipped/>
  </testcase> <!-- noDuplicationOnPaginationTest -->
</testsuite> <!-- com.walmart.testcases.GuestAccountTest -->
